2022-01-13 06:39:36 error: [Cake\Http\Exception\MissingControllerException] Controller class Templates could not be found. in D:\Installations\laragon\www\jobfinds\app\vendor\cakephp\cakephp\src\Controller\ControllerFactory.php on line 340
Exception Attributes: array (
  'class' => 'Templates',
  'plugin' => NULL,
  'prefix' => NULL,
  '_ext' => NULL,
)
Stack Trace:
- D:\Installations\laragon\www\jobfinds\app\vendor\cakephp\cakephp\src\Controller\ControllerFactory.php:74
- D:\Installations\laragon\www\jobfinds\app\vendor\cakephp\cakephp\src\Http\BaseApplication.php:315
- D:\Installations\laragon\www\jobfinds\app\vendor\cakephp\cakephp\src\Http\Runner.php:77
- D:\Installations\laragon\www\jobfinds\app\vendor\cakephp\cakephp\src\Http\Middleware\CsrfProtectionMiddleware.php:174
- D:\Installations\laragon\www\jobfinds\app\vendor\cakephp\cakephp\src\Http\Runner.php:73
- D:\Installations\laragon\www\jobfinds\app\vendor\cakephp\cakephp\src\Http\Middleware\BodyParserMiddleware.php:157
- D:\Installations\laragon\www\jobfinds\app\vendor\cakephp\cakephp\src\Http\Runner.php:73
- D:\Installations\laragon\www\jobfinds\app\vendor\cakephp\cakephp\src\Routing\Middleware\RoutingMiddleware.php:161
- D:\Installations\laragon\www\jobfinds\app\vendor\cakephp\cakephp\src\Http\Runner.php:73
- D:\Installations\laragon\www\jobfinds\app\vendor\cakephp\cakephp\src\Routing\Middleware\AssetMiddleware.php:77
- D:\Installations\laragon\www\jobfinds\app\vendor\cakephp\cakephp\src\Http\Runner.php:73
- D:\Installations\laragon\www\jobfinds\app\vendor\cakephp\cakephp\src\Error\Middleware\ErrorHandlerMiddleware.php:126
- D:\Installations\laragon\www\jobfinds\app\vendor\cakephp\cakephp\src\Http\Runner.php:73
- D:\Installations\laragon\www\jobfinds\app\vendor\cakephp\debug_kit\src\Middleware\DebugKitMiddleware.php:60
- D:\Installations\laragon\www\jobfinds\app\vendor\cakephp\cakephp\src\Http\Runner.php:73
- D:\Installations\laragon\www\jobfinds\app\vendor\cakephp\cakephp\src\Http\Runner.php:58
- D:\Installations\laragon\www\jobfinds\app\vendor\cakephp\cakephp\src\Http\Server.php:90
- D:\Installations\laragon\www\jobfinds\app\webroot\index.php:40

Request URL: /templates/Pages/home.php
Client IP: 127.0.0.1


2022-01-13 06:41:43 error: [Cake\Http\Exception\MissingControllerException] Controller class Templates could not be found. in D:\Installations\laragon\www\jobfinds\app\vendor\cakephp\cakephp\src\Controller\ControllerFactory.php on line 340
Exception Attributes: array (
  'class' => 'Templates',
  'plugin' => NULL,
  'prefix' => NULL,
  '_ext' => NULL,
)
Stack Trace:
- D:\Installations\laragon\www\jobfinds\app\vendor\cakephp\cakephp\src\Controller\ControllerFactory.php:74
- D:\Installations\laragon\www\jobfinds\app\vendor\cakephp\cakephp\src\Http\BaseApplication.php:315
- D:\Installations\laragon\www\jobfinds\app\vendor\cakephp\cakephp\src\Http\Runner.php:77
- D:\Installations\laragon\www\jobfinds\app\vendor\cakephp\cakephp\src\Http\Middleware\CsrfProtectionMiddleware.php:174
- D:\Installations\laragon\www\jobfinds\app\vendor\cakephp\cakephp\src\Http\Runner.php:73
- D:\Installations\laragon\www\jobfinds\app\vendor\cakephp\cakephp\src\Http\Middleware\BodyParserMiddleware.php:157
- D:\Installations\laragon\www\jobfinds\app\vendor\cakephp\cakephp\src\Http\Runner.php:73
- D:\Installations\laragon\www\jobfinds\app\vendor\cakephp\cakephp\src\Routing\Middleware\RoutingMiddleware.php:161
- D:\Installations\laragon\www\jobfinds\app\vendor\cakephp\cakephp\src\Http\Runner.php:73
- D:\Installations\laragon\www\jobfinds\app\vendor\cakephp\cakephp\src\Routing\Middleware\AssetMiddleware.php:77
- D:\Installations\laragon\www\jobfinds\app\vendor\cakephp\cakephp\src\Http\Runner.php:73
- D:\Installations\laragon\www\jobfinds\app\vendor\cakephp\cakephp\src\Error\Middleware\ErrorHandlerMiddleware.php:126
- D:\Installations\laragon\www\jobfinds\app\vendor\cakephp\cakephp\src\Http\Runner.php:73
- D:\Installations\laragon\www\jobfinds\app\vendor\cakephp\debug_kit\src\Middleware\DebugKitMiddleware.php:60
- D:\Installations\laragon\www\jobfinds\app\vendor\cakephp\cakephp\src\Http\Runner.php:73
- D:\Installations\laragon\www\jobfinds\app\vendor\cakephp\cakephp\src\Http\Runner.php:58
- D:\Installations\laragon\www\jobfinds\app\vendor\cakephp\cakephp\src\Http\Server.php:90
- D:\Installations\laragon\www\jobfinds\app\webroot\index.php:40

Request URL: /templates/Pages/home.php
Client IP: 127.0.0.1


